Determining if the pthread_create exist failed with the following output:
Change Dir: /afs/cs.stanford.edu/u/vid/neighbor_sampling_heterogeneous_graphs/src/heterogeneous_random_walks/build/CMakeFiles/CMakeTmp

Run Build Command:"/usr/bin/make" "cmTC_424e8/fast"
make[1]: Entering directory '/afs/cs.stanford.edu/u/vid/neighbor_sampling_heterogeneous_graphs/src/heterogeneous_random_walks/build/CMakeFiles/CMakeTmp'
/usr/bin/make -f CMakeFiles/cmTC_424e8.dir/build.make CMakeFiles/cmTC_424e8.dir/build
make[2]: Entering directory '/afs/cs.stanford.edu/u/vid/neighbor_sampling_heterogeneous_graphs/src/heterogeneous_random_walks/build/CMakeFiles/CMakeTmp'
Building C object CMakeFiles/cmTC_424e8.dir/CheckSymbolExists.c.o
/usr/bin/cc     -o CMakeFiles/cmTC_424e8.dir/CheckSymbolExists.c.o   -c /afs/cs.stanford.edu/u/vid/neighbor_sampling_heterogeneous_graphs/src/heterogeneous_random_walks/build/CMakeFiles/CMakeTmp/CheckSymbolExists.c
Linking C executable cmTC_424e8
/usr/bin/cmake -E cmake_link_script CMakeFiles/cmTC_424e8.dir/link.txt --verbose=1
/usr/bin/cc       CMakeFiles/cmTC_424e8.dir/CheckSymbolExists.c.o  -o cmTC_424e8 
CMakeFiles/cmTC_424e8.dir/CheckSymbolExists.c.o: In function `main':
CheckSymbolExists.c:(.text+0x16): undefined reference to `pthread_create'
collect2: error: ld returned 1 exit status
CMakeFiles/cmTC_424e8.dir/build.make:97: recipe for target 'cmTC_424e8' failed
make[2]: *** [cmTC_424e8] Error 1
make[2]: Leaving directory '/afs/cs.stanford.edu/u/vid/neighbor_sampling_heterogeneous_graphs/src/heterogeneous_random_walks/build/CMakeFiles/CMakeTmp'
Makefile:126: recipe for target 'cmTC_424e8/fast' failed
make[1]: *** [cmTC_424e8/fast] Error 2
make[1]: Leaving directory '/afs/cs.stanford.edu/u/vid/neighbor_sampling_heterogeneous_graphs/src/heterogeneous_random_walks/build/CMakeFiles/CMakeTmp'

File /afs/cs.stanford.edu/u/vid/neighbor_sampling_heterogeneous_graphs/src/heterogeneous_random_walks/build/CMakeFiles/CMakeTmp/CheckSymbolExists.c:
/* */
#include <pthread.h>

int main(int argc, char** argv)
{
  (void)argv;
#ifndef pthread_create
  return ((int*)(&pthread_create))[argc];
#else
  (void)argc;
  return 0;
#endif
}

Determining if the function pthread_create exists in the pthreads failed with the following output:
Change Dir: /afs/cs.stanford.edu/u/vid/neighbor_sampling_heterogeneous_graphs/src/heterogeneous_random_walks/build/CMakeFiles/CMakeTmp

Run Build Command:"/usr/bin/make" "cmTC_4bde8/fast"
make[1]: Entering directory '/afs/cs.stanford.edu/u/vid/neighbor_sampling_heterogeneous_graphs/src/heterogeneous_random_walks/build/CMakeFiles/CMakeTmp'
/usr/bin/make -f CMakeFiles/cmTC_4bde8.dir/build.make CMakeFiles/cmTC_4bde8.dir/build
make[2]: Entering directory '/afs/cs.stanford.edu/u/vid/neighbor_sampling_heterogeneous_graphs/src/heterogeneous_random_walks/build/CMakeFiles/CMakeTmp'
Building C object CMakeFiles/cmTC_4bde8.dir/CheckFunctionExists.c.o
/usr/bin/cc    -DCHECK_FUNCTION_EXISTS=pthread_create   -o CMakeFiles/cmTC_4bde8.dir/CheckFunctionExists.c.o   -c /usr/share/cmake-3.5/Modules/CheckFunctionExists.c
Linking C executable cmTC_4bde8
/usr/bin/cmake -E cmake_link_script CMakeFiles/cmTC_4bde8.dir/link.txt --verbose=1
/usr/bin/cc   -DCHECK_FUNCTION_EXISTS=pthread_create    CMakeFiles/cmTC_4bde8.dir/CheckFunctionExists.c.o  -o cmTC_4bde8 -lpthreads 
/usr/bin/ld: cannot find -lpthreads
collect2: error: ld returned 1 exit status
CMakeFiles/cmTC_4bde8.dir/build.make:97: recipe for target 'cmTC_4bde8' failed
make[2]: *** [cmTC_4bde8] Error 1
make[2]: Leaving directory '/afs/cs.stanford.edu/u/vid/neighbor_sampling_heterogeneous_graphs/src/heterogeneous_random_walks/build/CMakeFiles/CMakeTmp'
Makefile:126: recipe for target 'cmTC_4bde8/fast' failed
make[1]: *** [cmTC_4bde8/fast] Error 2
make[1]: Leaving directory '/afs/cs.stanford.edu/u/vid/neighbor_sampling_heterogeneous_graphs/src/heterogeneous_random_walks/build/CMakeFiles/CMakeTmp'


